2023-09-22 12:42:54.611 ERROR 23810 --- [main] o.s.boot.SpringApplication               : Application run failed

java.lang.NoClassDefFoundError: org/springframework/beans/factory/aot/BeanRegistrationAotProcessor
	at java.base/java.lang.ClassLoader.defineClass1(Native Method) ~[na:na]
	at java.base/java.lang.ClassLoader.defineClass(ClassLoader.java:1012) ~[na:na]
	at java.base/java.security.SecureClassLoader.defineClass(SecureClassLoader.java:150) ~[na:na]
	at java.base/jdk.internal.loader.BuiltinClassLoader.defineClass(BuiltinClassLoader.java:862) ~[na:na]
	at java.base/jdk.internal.loader.BuiltinClassLoader.findClassOnClassPathOrNull(BuiltinClassLoader.java:760) ~[na:na]
	at java.base/jdk.internal.loader.BuiltinClassLoader.loadClassOrNull(BuiltinClassLoader.java:681) ~[na:na]
	at java.base/jdk.internal.loader.BuiltinClassLoader.loadClass(BuiltinClassLoader.java:639) ~[na:na]
	at java.base/jdk.internal.loader.ClassLoaders$AppClassLoader.loadClass(ClassLoaders.java:188) ~[na:na]
	at java.base/java.lang.ClassLoader.loadClass(ClassLoader.java:520) ~[na:na]
	at org.springframework.context.annotation.AnnotationConfigUtils.registerAnnotationConfigProcessors(AnnotationConfigUtils.java:158) ~[spring-context-6.0.11.jar:6.0.11]
	at org.springframework.context.annotation.AnnotationConfigUtils.registerAnnotationConfigProcessors(AnnotationConfigUtils.java:131) ~[spring-context-6.0.11.jar:6.0.11]
	at org.springframework.context.annotation.AnnotatedBeanDefinitionReader.<init>(AnnotatedBeanDefinitionReader.java:88) ~[spring-context-6.0.11.jar:6.0.11]
	at org.springframework.context.annotation.AnnotatedBeanDefinitionReader.<init>(AnnotatedBeanDefinitionReader.java:71) ~[spring-context-6.0.11.jar:6.0.11]
	at org.springframework.boot.web.servlet.context.AnnotationConfigServletWebServerApplicationContext.<init>(AnnotationConfigServletWebServerApplicationContext.java:73) ~[spring-boot-2.6.1.jar:2.6.1]
	at org.springframework.boot.ApplicationContextFactory.lambda$static$0(ApplicationContextFactory.java:48) ~[spring-boot-2.6.1.jar:2.6.1]
	at org.springframework.boot.SpringApplication.createApplicationContext(SpringApplication.java:572) ~[spring-boot-2.6.1.jar:2.6.1]
	at org.springframework.boot.SpringApplication.run(SpringApplication.java:299) ~[spring-boot-2.6.1.jar:2.6.1]
	at org.springframework.boot.SpringApplication.run(SpringApplication.java:1301) ~[spring-boot-2.6.1.jar:2.6.1]
	at org.springframework.boot.SpringApplication.run(SpringApplication.java:1290) ~[spring-boot-2.6.1.jar:2.6.1]
	at com.iteesoft.drone.DroneApplication.main(DroneApplication.java:19) ~[classes/:na]
Caused by: java.lang.ClassNotFoundException: org.springframework.beans.factory.aot.BeanRegistrationAotProcessor
	at java.base/jdk.internal.loader.BuiltinClassLoader.loadClass(BuiltinClassLoader.java:641) ~[na:na]
	at java.base/jdk.internal.loader.ClassLoaders$AppClassLoader.loadClass(ClassLoaders.java:188) ~[na:na]
	at java.base/java.lang.ClassLoader.loadClass(ClassLoader.java:520) ~[na:na]
	... 20 common frames omitted

2023-09-22 12:43:27.818 ERROR 23830 --- [main] o.s.boot.SpringApplication               : Application run failed

java.lang.NoClassDefFoundError: org/springframework/beans/factory/aot/BeanRegistrationAotProcessor
	at java.base/java.lang.ClassLoader.defineClass1(Native Method) ~[na:na]
	at java.base/java.lang.ClassLoader.defineClass(ClassLoader.java:1012) ~[na:na]
	at java.base/java.security.SecureClassLoader.defineClass(SecureClassLoader.java:150) ~[na:na]
	at java.base/jdk.internal.loader.BuiltinClassLoader.defineClass(BuiltinClassLoader.java:862) ~[na:na]
	at java.base/jdk.internal.loader.BuiltinClassLoader.findClassOnClassPathOrNull(BuiltinClassLoader.java:760) ~[na:na]
	at java.base/jdk.internal.loader.BuiltinClassLoader.loadClassOrNull(BuiltinClassLoader.java:681) ~[na:na]
	at java.base/jdk.internal.loader.BuiltinClassLoader.loadClass(BuiltinClassLoader.java:639) ~[na:na]
	at java.base/jdk.internal.loader.ClassLoaders$AppClassLoader.loadClass(ClassLoaders.java:188) ~[na:na]
	at java.base/java.lang.ClassLoader.loadClass(ClassLoader.java:520) ~[na:na]
	at org.springframework.context.annotation.AnnotationConfigUtils.registerAnnotationConfigProcessors(AnnotationConfigUtils.java:158) ~[spring-context-6.0.11.jar:6.0.11]
	at org.springframework.context.annotation.AnnotationConfigUtils.registerAnnotationConfigProcessors(AnnotationConfigUtils.java:131) ~[spring-context-6.0.11.jar:6.0.11]
	at org.springframework.context.annotation.AnnotatedBeanDefinitionReader.<init>(AnnotatedBeanDefinitionReader.java:88) ~[spring-context-6.0.11.jar:6.0.11]
	at org.springframework.context.annotation.AnnotatedBeanDefinitionReader.<init>(AnnotatedBeanDefinitionReader.java:71) ~[spring-context-6.0.11.jar:6.0.11]
	at org.springframework.boot.web.servlet.context.AnnotationConfigServletWebServerApplicationContext.<init>(AnnotationConfigServletWebServerApplicationContext.java:73) ~[spring-boot-2.6.1.jar:2.6.1]
	at org.springframework.boot.ApplicationContextFactory.lambda$static$0(ApplicationContextFactory.java:48) ~[spring-boot-2.6.1.jar:2.6.1]
	at org.springframework.boot.SpringApplication.createApplicationContext(SpringApplication.java:572) ~[spring-boot-2.6.1.jar:2.6.1]
	at org.springframework.boot.SpringApplication.run(SpringApplication.java:299) ~[spring-boot-2.6.1.jar:2.6.1]
	at org.springframework.boot.SpringApplication.run(SpringApplication.java:1301) ~[spring-boot-2.6.1.jar:2.6.1]
	at org.springframework.boot.SpringApplication.run(SpringApplication.java:1290) ~[spring-boot-2.6.1.jar:2.6.1]
	at com.iteesoft.drone.DroneApplication.main(DroneApplication.java:19) ~[classes/:na]
Caused by: java.lang.ClassNotFoundException: org.springframework.beans.factory.aot.BeanRegistrationAotProcessor
	at java.base/jdk.internal.loader.BuiltinClassLoader.loadClass(BuiltinClassLoader.java:641) ~[na:na]
	at java.base/jdk.internal.loader.ClassLoaders$AppClassLoader.loadClass(ClassLoaders.java:188) ~[na:na]
	at java.base/java.lang.ClassLoader.loadClass(ClassLoader.java:520) ~[na:na]
	... 20 common frames omitted

